2025-12-30T17:14:41.457+08:00 [DEBU] 【START】GET(200): (耗时: 205)/user?Name=1&page=1&size=10
2025-12-30T17:14:41.485+08:00 [ERRO] Log processor panic recovered: runtime error: invalid memory address or nil pointer dereference 
Stack:
1.  gf_template/middlewave/interceptor.(*LogProcessor).workerRoutine.func1
    D:/work/go/gf_template/middlewave/interceptor/logProcessor.go:38
2.  gf_template/middlewave/interceptor.(*LogProcessor).processLog
    D:/work/go/gf_template/middlewave/interceptor/logProcessor.go:65
3.  gf_template/middlewave/interceptor.(*LogProcessor).workerRoutine
    D:/work/go/gf_template/middlewave/interceptor/logProcessor.go:53

2025-12-30T17:15:08.281+08:00 [DEBU] 【START】GET(200): (耗时: 17)/user?Name=1&page=1&size=10
2025-12-30T17:15:14.491+08:00 [ERRO] Log processor panic recovered: runtime error: invalid memory address or nil pointer dereference 
Stack:
1.  gf_template/middlewave/interceptor.(*LogProcessor).workerRoutine.func1
    D:/work/go/gf_template/middlewave/interceptor/logProcessor.go:38
2.  gf_template/middlewave/interceptor.(*LogProcessor).processLog
    D:/work/go/gf_template/middlewave/interceptor/logProcessor.go:65
3.  gf_template/middlewave/interceptor.(*LogProcessor).workerRoutine
    D:/work/go/gf_template/middlewave/interceptor/logProcessor.go:53

2025-12-30T17:15:31.974+08:00 [DEBU] 【START】GET(200): (耗时: 35)/user?Name=1&page=1&size=10
2025-12-30T17:15:35.227+08:00 [ERRO] Log processor panic recovered: runtime error: invalid memory address or nil pointer dereference 
Stack:
1.  gf_template/middlewave/interceptor.(*LogProcessor).workerRoutine.func1
    D:/work/go/gf_template/middlewave/interceptor/logProcessor.go:38
2.  gf_template/middlewave/interceptor.(*LogProcessor).processLog
    D:/work/go/gf_template/middlewave/interceptor/logProcessor.go:65
3.  gf_template/middlewave/interceptor.(*LogProcessor).workerRoutine
    D:/work/go/gf_template/middlewave/interceptor/logProcessor.go:53

2025-12-30T17:16:02.767+08:00 [DEBU] 【START】GET(200): (耗时: 16)/user?Name=1&page=1&size=10
2025-12-30T17:16:31.713+08:00 [ERRO] Log processor panic recovered: runtime error: invalid memory address or nil pointer dereference 
Stack:
1.  gf_template/middlewave/interceptor.(*LogProcessor).workerRoutine.func1
    D:/work/go/gf_template/middlewave/interceptor/logProcessor.go:38
2.  gf_template/middlewave/interceptor.(*LogProcessor).processLog
    D:/work/go/gf_template/middlewave/interceptor/logProcessor.go:65
3.  gf_template/middlewave/interceptor.(*LogProcessor).workerRoutine
    D:/work/go/gf_template/middlewave/interceptor/logProcessor.go:53

2025-12-30T17:17:28.459+08:00 [DEBU] 【START】GET(200): (耗时: 53)/user?Name=1&page=1&size=10
2025-12-30T17:17:33.079+08:00 [ERRO] Log processor panic recovered: runtime error: invalid memory address or nil pointer dereference 
Stack:
1.  gf_template/middlewave/interceptor.(*LogProcessor).workerRoutine.func1
    D:/work/go/gf_template/middlewave/interceptor/logProcessor.go:38
2.  gf_template/middlewave/interceptor.(*LogProcessor).processLog
    D:/work/go/gf_template/middlewave/interceptor/logProcessor.go:65
3.  gf_template/middlewave/interceptor.(*LogProcessor).workerRoutine
    D:/work/go/gf_template/middlewave/interceptor/logProcessor.go:53

2025-12-30T17:20:15.487+08:00 [DEBU] 【START】GET(200): (耗时: 75)/user?Name=1&page=1&size=10
2025-12-30T17:20:50.717+08:00 [ERRO] Log processor panic recovered: runtime error: invalid memory address or nil pointer dereference 
Stack:
1.  gf_template/middlewave/interceptor.(*LogProcessor).workerRoutine.func1
    D:/work/go/gf_template/middlewave/interceptor/logProcessor.go:38
2.  gf_template/middlewave/interceptor.(*LogProcessor).processLog
    D:/work/go/gf_template/middlewave/interceptor/logProcessor.go:65
3.  gf_template/middlewave/interceptor.(*LogProcessor).workerRoutine
    D:/work/go/gf_template/middlewave/interceptor/logProcessor.go:53

2025-12-30T17:24:03.486+08:00 [INFO] Log processor initialized
2025-12-30T17:24:31.927+08:00 [DEBU] 【START】GET(200): (耗时: 983)/user?Name=1&page=1&size=10
2025-12-30T17:24:45.148+08:00 [ERRO] Log processor panic recovered: runtime error: invalid memory address or nil pointer dereference 
Stack:
1.  gf_template/middlewave/interceptor.(*LogProcessor).workerRoutine.func1
    D:/work/go/gf_template/middlewave/interceptor/logProcessor.go:38
2.  gf_template/middlewave/interceptor.(*LogProcessor).processLog
    D:/work/go/gf_template/middlewave/interceptor/logProcessor.go:65
3.  gf_template/middlewave/interceptor.(*LogProcessor).workerRoutine
    D:/work/go/gf_template/middlewave/interceptor/logProcessor.go:53

2025-12-30T17:24:55.346+08:00 [DEBU] 【START】GET(200): (耗时: 171)/user?Name=1&page=1&size=10
2025-12-30T17:25:29.869+08:00 [ERRO] Log processor panic recovered: runtime error: invalid memory address or nil pointer dereference 
Stack:
1.  gf_template/middlewave/interceptor.(*LogProcessor).workerRoutine.func1
    D:/work/go/gf_template/middlewave/interceptor/logProcessor.go:38
2.  gf_template/middlewave/interceptor.(*LogProcessor).processLog
    D:/work/go/gf_template/middlewave/interceptor/logProcessor.go:65
3.  gf_template/middlewave/interceptor.(*LogProcessor).workerRoutine
    D:/work/go/gf_template/middlewave/interceptor/logProcessor.go:53

2025-12-30T17:27:42.644+08:00 [INFO] Log processor initialized
2025-12-30T17:27:51.424+08:00 [DEBU] 【START】GET(200): (耗时: 319)/user?Name=1&page=1&size=10
2025-12-30T17:28:06.125+08:00 [ERRO] Log processor panic recovered: runtime error: invalid memory address or nil pointer dereference 
Stack:
1.  gf_template/middlewave/interceptor.(*LogProcessor).workerRoutine.func1
    D:/work/go/gf_template/middlewave/interceptor/logProcessor.go:39
2.  gf_template/middlewave/interceptor.(*LogProcessor).processLog
    D:/work/go/gf_template/middlewave/interceptor/logProcessor.go:68
3.  gf_template/middlewave/interceptor.(*LogProcessor).workerRoutine
    D:/work/go/gf_template/middlewave/interceptor/logProcessor.go:54

2025-12-30T17:44:40.592+08:00 [INFO] Log processor initialized
2025-12-30T17:45:06.832+08:00 [DEBU] 【START】GET(404): (耗时: 4)/.well-known/appspecific/com.chrome.devtools.json
2025-12-30T17:45:06.839+08:00 [ERRO] 错误： runtime error: invalid memory address or nil pointer dereference 
Stack:
1.  gf_template/middlewave/interceptor.(*LogProcessor).workerRoutine.func1
    D:/work/go/gf_template/middlewave/interceptor/logProcessor.go:40
2.  gf_template/middlewave/interceptor.(*LogProcessor).processLog
    D:/work/go/gf_template/middlewave/interceptor/logProcessor.go:69
3.  gf_template/middlewave/interceptor.(*LogProcessor).workerRoutine
    D:/work/go/gf_template/middlewave/interceptor/logProcessor.go:55

2025-12-30T17:45:08.908+08:00 [DEBU] 【START】GET(200): (耗时: 81)/api.json
2025-12-30T17:45:08.933+08:00 [ERRO] 错误： runtime error: invalid memory address or nil pointer dereference 
Stack:
1.  gf_template/middlewave/interceptor.(*LogProcessor).workerRoutine.func1
    D:/work/go/gf_template/middlewave/interceptor/logProcessor.go:40
2.  gf_template/middlewave/interceptor.(*LogProcessor).processLog
    D:/work/go/gf_template/middlewave/interceptor/logProcessor.go:69
3.  gf_template/middlewave/interceptor.(*LogProcessor).workerRoutine
    D:/work/go/gf_template/middlewave/interceptor/logProcessor.go:55

2025-12-30T17:45:13.354+08:00 [DEBU] 【START】GET(200): (耗时: 785)/user?page=1&size=10
2025-12-30T17:45:13.355+08:00 [ERRO] 错误： runtime error: invalid memory address or nil pointer dereference 
Stack:
1.  gf_template/middlewave/interceptor.(*LogProcessor).workerRoutine.func1
    D:/work/go/gf_template/middlewave/interceptor/logProcessor.go:40
2.  gf_template/middlewave/interceptor.(*LogProcessor).processLog
    D:/work/go/gf_template/middlewave/interceptor/logProcessor.go:69
3.  gf_template/middlewave/interceptor.(*LogProcessor).workerRoutine
    D:/work/go/gf_template/middlewave/interceptor/logProcessor.go:55

2025-12-30T17:51:43.481+08:00 [INFO] Log processor shutdown
